\BOOKMARK [-1][]{ctitle.-1}{\376\377\000H\000T\000T\000P\000\040\000\040\166\204\213\276\213\241\116\016\133\236\163\260}{}% 1
\BOOKMARK [0][]{mulu.0}{\376\377\166\356\000\040\000\040\137\125}{ctitle.-1}% 2
\BOOKMARK [0][]{section*.3}{\376\377\173\054\116\000\172\340\000\040\000\040\142\245\124\112\144\130\211\201}{ctitle.-1}% 3
\BOOKMARK [0][]{section*.4}{\376\377\173\054\116\214\172\340\000\040\000\040\116\373\122\241\227\000\154\102\122\006\147\220}{ctitle.-1}% 4
\BOOKMARK [1][]{section*.5}{\376\377\0002\000.\0001\000\040\173\054\116\000\124\150\377\032\133\236\163\260\173\200\123\125\166\204\000\040\000e\000c\000h\000o\000\040\000w\000e\000b\000\040\000s\000e\000r\000v\000e\000r}{section*.4}% 5
\BOOKMARK [1][]{section*.6}{\376\377\0002\000.\0002\000\040\173\054\116\214\124\150\377\032\133\236\163\260\000\040\000H\000E\000A\000D\060\001\000G\000E\000T\060\001\000P\000O\000S\000T\000\040\145\271\154\325}{section*.4}% 6
\BOOKMARK [1][]{section*.7}{\376\377\0002\000.\0003\000\040\173\054\116\011\124\150\377\032\133\236\163\260\000\040\000H\000T\000T\000P\000\040\136\166\123\321\213\367\154\102}{section*.4}% 7
\BOOKMARK [1][]{section*.8}{\376\377\0002\000.\0004\000\040\173\054\126\333\124\150\377\032\133\236\163\260\131\032\116\052\133\242\142\067\172\357\166\204\136\166\123\321\131\004\164\006}{section*.4}% 8
\BOOKMARK [1][]{section*.9}{\376\377\0002\000.\0005\000\040\220\011\120\132\377\032\000C\000G\000I}{section*.4}% 9
\BOOKMARK [0][]{section*.10}{\376\377\173\054\116\011\172\340\000\040\000\040\123\117\213\256\213\276\213\241}{ctitle.-1}% 10
\BOOKMARK [1][]{section*.11}{\376\377\0003\000.\0001\000\040\140\073\117\123\213\276\213\241}{section*.10}% 11
\BOOKMARK [2][]{section*.12}{\376\377\0003\000.\0001\000.\0001\000\040\127\372\170\100\116\343\170\001\156\220\145\207\116\366\147\266\147\204\122\006\147\220}{section*.11}% 12
\BOOKMARK [1][]{section*.17}{\376\377\0003\000.\0002\000\040\145\160\143\156\176\323\147\204\213\276\213\241}{section*.10}% 13
\BOOKMARK [1][]{section*.22}{\376\377\0003\000.\0003\000\040\123\117\213\256\211\304\122\031\213\276\213\241}{section*.10}% 14
\BOOKMARK [2][]{section*.23}{\376\377\0003\000.\0003\000.\0001\000\040\117\177\165\050\000\040\000s\000o\000c\000k\000e\000t\000\040\217\333\210\114\177\121\176\334\220\032\117\341\166\204\155\101\172\013}{section*.22}% 15
\BOOKMARK [2][]{section*.25}{\376\377\0003\000.\0003\000.\0002\000\040\155\210\140\157\211\343\147\220\145\271\154\325}{section*.22}% 16
\BOOKMARK [2][]{section*.27}{\376\377\0003\000.\0003\000.\0003\000\040\122\250\140\001\145\160\176\304\213\276\213\241}{section*.22}% 17
\BOOKMARK [2][]{section*.28}{\376\377\0003\000.\0003\000.\0004\000\040\213\367\154\102\142\245\145\207\116\016\124\315\136\224\142\245\145\207\123\117\213\256\213\276\213\241}{section*.22}% 18
\BOOKMARK [2][]{section*.30}{\376\377\0003\000.\0003\000.\0005\000\040\155\101\154\064\176\277\213\276\213\241}{section*.22}% 19
\BOOKMARK [2][]{section*.31}{\376\377\0003\000.\0003\000.\0006\000\040\131\032\133\242\142\067\172\357\136\166\123\321\131\004\164\006\123\117\213\256}{section*.22}% 20
\BOOKMARK [2][]{section*.33}{\376\377\0003\000.\0003\000.\0007\000\040\000C\000G\000I\000\040\123\117\213\256}{section*.22}% 21
\BOOKMARK [0][]{section*.34}{\376\377\173\054\126\333\172\340\000\040\000\040\123\117\213\256\133\236\163\260}{ctitle.-1}% 22
\BOOKMARK [1][]{section*.35}{\376\377\0004\000.\0001\000\040\173\054\116\000\124\150\040\024\040\024\133\236\163\260\173\200\123\125\166\204\000\040\000e\000c\000h\000o\000\040\000w\000e\000b\000\040\000s\000e\000r\000v\000e\000r}{section*.34}% 23
\BOOKMARK [2][]{section*.36}{\376\377\0004\000.\0001\000.\0001\000\040\155\210\140\157\211\343\147\220}{section*.35}% 24
\BOOKMARK [2][]{section*.39}{\376\377\0004\000.\0001\000.\0002\000\040\155\210\140\157\123\315\231\210}{section*.35}% 25
\BOOKMARK [1][]{section*.40}{\376\377\0004\000.\0002\000\040\173\054\116\214\124\150\040\024\040\024\133\236\163\260\000\040\000H\000E\000A\000D\060\001\000G\000E\000T\060\001\000P\000O\000S\000T\000\040\145\271\154\325}{section*.34}% 26
\BOOKMARK [2][]{section*.41}{\376\377\0004\000.\0002\000.\0001\000\040\145\271\154\325\133\236\163\260}{section*.40}% 27
\BOOKMARK [2][]{section*.47}{\376\377\0004\000.\0002\000.\0002\000\040\131\245\125\204\173\241\164\006\177\023\121\262\123\072}{section*.40}% 28
\BOOKMARK [2][]{section*.57}{\376\377\0004\000.\0002\000.\0003\000\040\145\345\137\327\213\260\137\125\152\041\127\127\133\236\163\260}{section*.40}% 29
\BOOKMARK [2][]{section*.58}{\376\377\0004\000.\0002\000.\0004\000\040\213\373\121\231\170\301\166\330\145\207\116\366\225\031\213\357\131\004\164\006}{section*.40}% 30
\BOOKMARK [1][]{section*.59}{\376\377\0004\000.\0003\000\040\173\054\116\011\124\150\040\024\040\024\133\236\163\260\000H\000T\000T\000P\166\204\136\166\123\321\213\367\154\102}{section*.34}% 31
\BOOKMARK [1][]{section*.61}{\376\377\0004\000.\0004\000\040\173\054\126\333\124\150\040\024\040\024\133\236\163\260\131\032\116\052\133\242\142\067\172\357\166\204\136\166\123\321\131\004\164\006}{section*.34}% 32
\BOOKMARK [1][]{section*.62}{\376\377\0004\000.\0005\000\040\220\011\120\132\040\024\040\024\000C\000G\000I}{section*.34}% 33
\BOOKMARK [0][]{section*.67}{\376\377\173\054\116\224\172\340\000\040\000\040\133\236\232\214\176\323\147\234\123\312\122\006\147\220}{ctitle.-1}% 34
\BOOKMARK [1][]{section*.68}{\376\377\0005\000.\0001\000\040\173\054\116\000\124\150\040\024\040\024\133\236\163\260\173\200\123\125\166\204\000\040\000e\000c\000h\000o\000\040\000w\000e\000b\000\040\000s\000e\000r\000v\000e\000r}{section*.67}% 35
\BOOKMARK [1][]{section*.69}{\376\377\0005\000.\0002\000\040\173\054\116\214\124\150\040\024\040\024\133\236\163\260\000\040\000H\000E\000A\000D\060\001\000G\000E\000T\060\001\000P\000O\000S\000T\000\040\145\271\154\325}{section*.67}% 36
\BOOKMARK [1][]{section*.70}{\376\377\0005\000.\0003\000\040\173\054\116\011\124\150\040\024\040\024\133\236\163\260\000H\000T\000T\000P\166\204\136\166\123\321\213\367\154\102}{section*.67}% 37
\BOOKMARK [1][]{section*.71}{\376\377\0005\000.\0004\000\040\173\054\126\333\124\150\040\024\040\024\133\236\163\260\131\032\116\052\133\242\142\067\172\357\166\204\136\166\123\321\131\004\164\006}{section*.67}% 38
\BOOKMARK [1][]{section*.72}{\376\377\0005\000.\0005\000\040\220\011\120\132\040\024\040\024\000C\000G\000I}{section*.67}% 39
\BOOKMARK [0][]{section*.74}{\376\377\173\054\121\155\172\340\000\040\000\040\116\052\116\272\140\073\176\323}{ctitle.-1}% 40
\BOOKMARK [0][]{section*.75}{\376\377\226\104\000\040\137\125}{ctitle.-1}% 41
